CRITICAL - 2023-10-28 10:46:20 --> Undefined variable $row
in APPPATH\Controllers\Hike.php on line 53.
 1 APPPATH\Controllers\Hike.php(53): CodeIgniter\Debug\Exceptions->errorHandler(2, 'Undefined variable $row', 'D:\\xampp2\\htdocs\\dev\\app\\Controllers\\Hike.php', 53)
 2 APPPATH\Controllers\Hike.php(37): App\Controllers\Hike->carpatian(null)
 3 SYSTEMPATH\CodeIgniter.php(919): App\Controllers\Hike->index('carpatian')
 4 SYSTEMPATH\CodeIgniter.php(494): CodeIgniter\CodeIgniter->runController(Object(App\Controllers\Hike))
 5 SYSTEMPATH\CodeIgniter.php(353): CodeIgniter\CodeIgniter->handleRequest(null, Object(Config\Cache), false)
 6 FCPATH\index.php(79): CodeIgniter\CodeIgniter->run()
INFO - 2023-10-28 10:57:23 --> Session: Class initialized using 'CodeIgniter\Session\Handlers\FileHandler' driver.
CRITICAL - 2023-10-28 11:50:57 --> Undefined variable $row
in APPPATH\Controllers\Hike.php on line 53.
 1 APPPATH\Controllers\Hike.php(53): CodeIgniter\Debug\Exceptions->errorHandler(2, 'Undefined variable $row', 'D:\\xampp\\htdocs\\bro\\app\\Controllers\\Hike.php', 53)
 2 APPPATH\Controllers\Hike.php(37): App\Controllers\Hike->carpatian(null)
 3 SYSTEMPATH\CodeIgniter.php(919): App\Controllers\Hike->index('carpatian')
 4 SYSTEMPATH\CodeIgniter.php(494): CodeIgniter\CodeIgniter->runController(Object(App\Controllers\Hike))
 5 SYSTEMPATH\CodeIgniter.php(353): CodeIgniter\CodeIgniter->handleRequest(null, Object(Config\Cache), false)
 6 FCPATH\index.php(79): CodeIgniter\CodeIgniter->run()
CRITICAL - 2023-10-28 12:06:28 --> syntax error, unexpected identifier "session", expecting "function" or "const"
in APPPATH\Controllers\StaticPage.php on line 175.
 1 SYSTEMPATH\Autoloader\Autoloader.php(285): CodeIgniter\Autoloader\Autoloader->includeFile('D:\\xampp\\htdocs\\bro\\app\\Controllers\\StaticPage.php')
 2 SYSTEMPATH\Autoloader\Autoloader.php(263): CodeIgniter\Autoloader\Autoloader->loadInNamespace('App\\Controllers\\StaticPage')
 3 [internal function]: CodeIgniter\Autoloader\Autoloader->loadClass('App\\Controllers\\StaticPage')
 4 SYSTEMPATH\CodeIgniter.php(877): class_exists('\\App\\Controllers\\StaticPage', true)
 5 SYSTEMPATH\CodeIgniter.php(481): CodeIgniter\CodeIgniter->startController()
 6 SYSTEMPATH\CodeIgniter.php(353): CodeIgniter\CodeIgniter->handleRequest(null, Object(Config\Cache), false)
 7 FCPATH\index.php(79): CodeIgniter\CodeIgniter->run()
CRITICAL - 2023-10-28 12:06:36 --> syntax error, unexpected identifier "session", expecting "function" or "const"
in APPPATH\Controllers\StaticPage.php on line 175.
 1 SYSTEMPATH\Autoloader\Autoloader.php(285): CodeIgniter\Autoloader\Autoloader->includeFile('D:\\xampp\\htdocs\\bro\\app\\Controllers\\StaticPage.php')
 2 SYSTEMPATH\Autoloader\Autoloader.php(263): CodeIgniter\Autoloader\Autoloader->loadInNamespace('App\\Controllers\\StaticPage')
 3 [internal function]: CodeIgniter\Autoloader\Autoloader->loadClass('App\\Controllers\\StaticPage')
 4 SYSTEMPATH\CodeIgniter.php(877): class_exists('\\App\\Controllers\\StaticPage', true)
 5 SYSTEMPATH\CodeIgniter.php(481): CodeIgniter\CodeIgniter->startController()
 6 SYSTEMPATH\CodeIgniter.php(353): CodeIgniter\CodeIgniter->handleRequest(null, Object(Config\Cache), false)
 7 FCPATH\index.php(79): CodeIgniter\CodeIgniter->run()
CRITICAL - 2023-10-28 12:06:42 --> syntax error, unexpected identifier "session", expecting "function" or "const"
in APPPATH\Controllers\StaticPage.php on line 175.
 1 SYSTEMPATH\Autoloader\Autoloader.php(285): CodeIgniter\Autoloader\Autoloader->includeFile('D:\\xampp\\htdocs\\bro\\app\\Controllers\\StaticPage.php')
 2 SYSTEMPATH\Autoloader\Autoloader.php(263): CodeIgniter\Autoloader\Autoloader->loadInNamespace('App\\Controllers\\StaticPage')
 3 [internal function]: CodeIgniter\Autoloader\Autoloader->loadClass('App\\Controllers\\StaticPage')
 4 SYSTEMPATH\CodeIgniter.php(877): class_exists('\\App\\Controllers\\StaticPage', true)
 5 SYSTEMPATH\CodeIgniter.php(481): CodeIgniter\CodeIgniter->startController()
 6 SYSTEMPATH\CodeIgniter.php(353): CodeIgniter\CodeIgniter->handleRequest(null, Object(Config\Cache), false)
 7 FCPATH\index.php(79): CodeIgniter\CodeIgniter->run()
INFO - 2023-10-28 12:26:48 --> Session: Class initialized using 'CodeIgniter\Session\Handlers\FileHandler' driver.
INFO - 2023-10-28 12:27:12 --> Session: Class initialized using 'CodeIgniter\Session\Handlers\FileHandler' driver.
INFO - 2023-10-28 12:27:12 --> Session: Class initialized using 'CodeIgniter\Session\Handlers\FileHandler' driver.
