CRITICAL - 2023-09-29 14:17:52 --> The framework needs the following extension(s) installed and loaded: intl.
in SYSTEMPATH\CodeIgniter.php on line 246.
 1 SYSTEMPATH\CodeIgniter.php(246): CodeIgniter\Exceptions\FrameworkException::forMissingExtension('intl')
 2 SYSTEMPATH\CodeIgniter.php(210): CodeIgniter\CodeIgniter->resolvePlatformExtensions()
 3 FCPATH\index.php(67): CodeIgniter\CodeIgniter->initialize()
CRITICAL - 2023-09-29 14:17:54 --> The framework needs the following extension(s) installed and loaded: intl.
in SYSTEMPATH\CodeIgniter.php on line 246.
 1 SYSTEMPATH\CodeIgniter.php(246): CodeIgniter\Exceptions\FrameworkException::forMissingExtension('intl')
 2 SYSTEMPATH\CodeIgniter.php(210): CodeIgniter\CodeIgniter->resolvePlatformExtensions()
 3 FCPATH\index.php(67): CodeIgniter\CodeIgniter->initialize()
CRITICAL - 2023-09-29 14:19:57 --> The framework needs the following extension(s) installed and loaded: intl.
in SYSTEMPATH\CodeIgniter.php on line 246.
 1 SYSTEMPATH\CodeIgniter.php(246): CodeIgniter\Exceptions\FrameworkException::forMissingExtension('intl')
 2 SYSTEMPATH\CodeIgniter.php(210): CodeIgniter\CodeIgniter->resolvePlatformExtensions()
 3 FCPATH\index.php(67): CodeIgniter\CodeIgniter->initialize()
CRITICAL - 2023-09-29 14:22:30 --> The framework needs the following extension(s) installed and loaded: intl.
in SYSTEMPATH\CodeIgniter.php on line 246.
 1 SYSTEMPATH\CodeIgniter.php(246): CodeIgniter\Exceptions\FrameworkException::forMissingExtension('intl')
 2 SYSTEMPATH\CodeIgniter.php(210): CodeIgniter\CodeIgniter->resolvePlatformExtensions()
 3 FCPATH\index.php(67): CodeIgniter\CodeIgniter->initialize()
CRITICAL - 2023-09-29 14:22:31 --> The framework needs the following extension(s) installed and loaded: intl.
in SYSTEMPATH\CodeIgniter.php on line 246.
 1 SYSTEMPATH\CodeIgniter.php(246): CodeIgniter\Exceptions\FrameworkException::forMissingExtension('intl')
 2 SYSTEMPATH\CodeIgniter.php(210): CodeIgniter\CodeIgniter->resolvePlatformExtensions()
 3 FCPATH\index.php(67): CodeIgniter\CodeIgniter->initialize()
CRITICAL - 2023-09-29 14:22:32 --> The framework needs the following extension(s) installed and loaded: intl.
in SYSTEMPATH\CodeIgniter.php on line 246.
 1 SYSTEMPATH\CodeIgniter.php(246): CodeIgniter\Exceptions\FrameworkException::forMissingExtension('intl')
 2 SYSTEMPATH\CodeIgniter.php(210): CodeIgniter\CodeIgniter->resolvePlatformExtensions()
 3 FCPATH\index.php(67): CodeIgniter\CodeIgniter->initialize()
CRITICAL - 2023-09-29 14:23:01 --> The framework needs the following extension(s) installed and loaded: intl.
in SYSTEMPATH\CodeIgniter.php on line 246.
 1 SYSTEMPATH\CodeIgniter.php(246): CodeIgniter\Exceptions\FrameworkException::forMissingExtension('intl')
 2 SYSTEMPATH\CodeIgniter.php(210): CodeIgniter\CodeIgniter->resolvePlatformExtensions()
 3 FCPATH\index.php(67): CodeIgniter\CodeIgniter->initialize()
CRITICAL - 2023-09-29 14:23:38 --> The framework needs the following extension(s) installed and loaded: intl.
in SYSTEMPATH\CodeIgniter.php on line 246.
 1 SYSTEMPATH\CodeIgniter.php(246): CodeIgniter\Exceptions\FrameworkException::forMissingExtension('intl')
 2 SYSTEMPATH\CodeIgniter.php(210): CodeIgniter\CodeIgniter->resolvePlatformExtensions()
 3 FCPATH\index.php(67): CodeIgniter\CodeIgniter->initialize()
CRITICAL - 2023-09-29 14:23:39 --> The framework needs the following extension(s) installed and loaded: intl.
in SYSTEMPATH\CodeIgniter.php on line 246.
 1 SYSTEMPATH\CodeIgniter.php(246): CodeIgniter\Exceptions\FrameworkException::forMissingExtension('intl')
 2 SYSTEMPATH\CodeIgniter.php(210): CodeIgniter\CodeIgniter->resolvePlatformExtensions()
 3 FCPATH\index.php(67): CodeIgniter\CodeIgniter->initialize()
CRITICAL - 2023-09-29 14:24:06 --> The framework needs the following extension(s) installed and loaded: intl.
in SYSTEMPATH\CodeIgniter.php on line 246.
 1 SYSTEMPATH\CodeIgniter.php(246): CodeIgniter\Exceptions\FrameworkException::forMissingExtension('intl')
 2 SYSTEMPATH\CodeIgniter.php(210): CodeIgniter\CodeIgniter->resolvePlatformExtensions()
 3 FCPATH\index.php(67): CodeIgniter\CodeIgniter->initialize()
CRITICAL - 2023-09-29 14:24:06 --> Uncaught Error: Class "Locale" not found in D:\xampp2\htdocs\dev\system\Helpers\number_helper.php:136
Stack trace:
#0 D:\xampp2\htdocs\dev\system\Helpers\number_helper.php(55): format_number(6, 2, NULL, Array)
#1 D:\xampp2\htdocs\dev\system\Debug\BaseExceptionHandler.php(145): number_to_size(6, 2)
#2 D:\xampp2\htdocs\dev\app\Views\errors\html\error_exception.php(360): CodeIgniter\Debug\BaseExceptionHandler::describeMemory(6291456)
#3 D:\xampp2\htdocs\dev\system\Debug\BaseExceptionHandler.php(241): include('D:\\xampp2\\htdoc...')
#4 D:\xampp2\htdocs\dev\system\Debug\BaseExceptionHandler.php(244): CodeIgniter\Debug\BaseExceptionHandler->CodeIgniter\Debug\{closure}()
#5 D:\xampp2\htdocs\dev\system\Debug\ExceptionHandler.php(109): CodeIgniter\Debug\BaseExceptionHandler->render(Object(CodeIgniter\Exceptions\FrameworkException), 500, 'D:\\xampp2\\htdoc...')
#6 D:\xampp2\htdocs\dev\system\Debug\Exceptions.php(147): CodeIgniter\Debug\ExceptionHandler->handle(Object(CodeIgniter\Exceptions\FrameworkException), Object(CodeIgniter\HTTP\IncomingRequest), Object(CodeIgniter\HTTP\Response), 500, 1)
#7 [internal function]: CodeIgniter\Debug\Exceptions->exceptionHandler(Object(CodeIgniter\Exceptions\FrameworkException))
#8 {main}
  thrown
ã€Previous Exceptionã€‘
CodeIgniter\Exceptions\FrameworkException
The framework needs the following extension(s) installed and loaded: intl.
#0 D:\xampp2\htdocs\dev\system\CodeIgniter.php(246): CodeIgniter\Exceptions\FrameworkException::forMissingExtension('intl')
#1 D:\xampp2\htdocs\dev\system\CodeIgniter.php(210): CodeIgniter\CodeIgniter->resolvePlatformExtensions()
#2 D:\xampp2\htdocs\dev\public\index.php(67): CodeIgniter\CodeIgniter->initialize()
#3 {main}
in SYSTEMPATH\Helpers\number_helper.php on line 136.
 1 [internal function]: CodeIgniter\Debug\Exceptions->shutdownHandler()
CRITICAL - 2023-09-29 13:01:58 --> Attempt to read property "tpl" on array
in APPPATH\Controllers\StaticPage.php on line 27.
 1 APPPATH\Controllers\StaticPage.php(27): CodeIgniter\Debug\Exceptions->errorHandler(2, 'Attempt to read property "tpl" on array', 'D:\\xampp2\\htdocs\\dev\\app\\Controllers\\StaticPage.php', 27)
 2 SYSTEMPATH\CodeIgniter.php(919): App\Controllers\StaticPage->main()
 3 SYSTEMPATH\CodeIgniter.php(494): CodeIgniter\CodeIgniter->runController(Object(App\Controllers\StaticPage))
 4 SYSTEMPATH\CodeIgniter.php(353): CodeIgniter\CodeIgniter->handleRequest(null, Object(Config\Cache), false)
 5 FCPATH\index.php(79): CodeIgniter\CodeIgniter->run()
CRITICAL - 2023-09-29 13:02:11 --> Undefined property: stdClass::$tpl
in APPPATH\Controllers\StaticPage.php on line 27.
 1 APPPATH\Controllers\StaticPage.php(27): CodeIgniter\Debug\Exceptions->errorHandler(2, 'Undefined property: stdClass::$tpl', 'D:\\xampp2\\htdocs\\dev\\app\\Controllers\\StaticPage.php', 27)
 2 SYSTEMPATH\CodeIgniter.php(919): App\Controllers\StaticPage->main()
 3 SYSTEMPATH\CodeIgniter.php(494): CodeIgniter\CodeIgniter->runController(Object(App\Controllers\StaticPage))
 4 SYSTEMPATH\CodeIgniter.php(353): CodeIgniter\CodeIgniter->handleRequest(null, Object(Config\Cache), false)
 5 FCPATH\index.php(79): CodeIgniter\CodeIgniter->run()
CRITICAL - 2023-09-29 13:02:24 --> Invalid file: "main.php"
in SYSTEMPATH\Exceptions\FrameworkException.php on line 39.
 1 SYSTEMPATH\View\View.php(214): CodeIgniter\Exceptions\FrameworkException::forInvalidFile('main.php')
 2 SYSTEMPATH\Common.php(1188): CodeIgniter\View\View->render('main', [], true)
 3 APPPATH\Controllers\StaticPage.php(27): view('main', [...])
 4 SYSTEMPATH\CodeIgniter.php(919): App\Controllers\StaticPage->main()
 5 SYSTEMPATH\CodeIgniter.php(494): CodeIgniter\CodeIgniter->runController(Object(App\Controllers\StaticPage))
 6 SYSTEMPATH\CodeIgniter.php(353): CodeIgniter\CodeIgniter->handleRequest(null, Object(Config\Cache), false)
 7 FCPATH\index.php(79): CodeIgniter\CodeIgniter->run()
CRITICAL - 2023-09-29 13:03:19 --> Invalid file: "head.php"
in SYSTEMPATH\Exceptions\FrameworkException.php on line 39.
 1 SYSTEMPATH\View\View.php(214): CodeIgniter\Exceptions\FrameworkException::forInvalidFile('head.php')
 2 SYSTEMPATH\Common.php(1188): CodeIgniter\View\View->render('head', [], true)
 3 APPPATH\Views\staticPages\main.php(3): view('head', [...])
 4 SYSTEMPATH\View\View.php(226): include('D:\\xampp2\\htdocs\\dev\\app\\Views\\staticPages\\main.php')
 5 SYSTEMPATH\View\View.php(229): CodeIgniter\View\View->CodeIgniter\View\{closure}()
 6 SYSTEMPATH\Common.php(1188): CodeIgniter\View\View->render('staticPages/main', [], true)
 7 APPPATH\Controllers\StaticPage.php(27): view('staticPages/main', [...])
 8 SYSTEMPATH\CodeIgniter.php(919): App\Controllers\StaticPage->main()
 9 SYSTEMPATH\CodeIgniter.php(494): CodeIgniter\CodeIgniter->runController(Object(App\Controllers\StaticPage))
10 SYSTEMPATH\CodeIgniter.php(353): CodeIgniter\CodeIgniter->handleRequest(null, Object(Config\Cache), false)
11 FCPATH\index.php(79): CodeIgniter\CodeIgniter->run()
CRITICAL - 2023-09-29 13:03:50 --> Invalid file: "../head.php"
in SYSTEMPATH\Exceptions\FrameworkException.php on line 39.
 1 SYSTEMPATH\View\View.php(214): CodeIgniter\Exceptions\FrameworkException::forInvalidFile('../head.php')
 2 SYSTEMPATH\Common.php(1188): CodeIgniter\View\View->render('../head', [], true)
 3 APPPATH\Views\staticPages\main.php(3): view('../head', [...])
 4 SYSTEMPATH\View\View.php(226): include('D:\\xampp2\\htdocs\\dev\\app\\Views\\staticPages\\main.php')
 5 SYSTEMPATH\View\View.php(229): CodeIgniter\View\View->CodeIgniter\View\{closure}()
 6 SYSTEMPATH\Common.php(1188): CodeIgniter\View\View->render('staticPages/main', [], true)
 7 APPPATH\Controllers\StaticPage.php(27): view('staticPages/main', [...])
 8 SYSTEMPATH\CodeIgniter.php(919): App\Controllers\StaticPage->main()
 9 SYSTEMPATH\CodeIgniter.php(494): CodeIgniter\CodeIgniter->runController(Object(App\Controllers\StaticPage))
10 SYSTEMPATH\CodeIgniter.php(353): CodeIgniter\CodeIgniter->handleRequest(null, Object(Config\Cache), false)
11 FCPATH\index.php(79): CodeIgniter\CodeIgniter->run()
CRITICAL - 2023-09-29 13:04:10 --> Invalid file: "menu.php"
in SYSTEMPATH\Exceptions\FrameworkException.php on line 39.
 1 SYSTEMPATH\View\View.php(214): CodeIgniter\Exceptions\FrameworkException::forInvalidFile('menu.php')
 2 SYSTEMPATH\Common.php(1188): CodeIgniter\View\View->render('menu', [], true)
 3 APPPATH\Views\staticPages\main.php(6): view('menu')
 4 SYSTEMPATH\View\View.php(226): include('D:\\xampp2\\htdocs\\dev\\app\\Views\\staticPages\\main.php')
 5 SYSTEMPATH\View\View.php(229): CodeIgniter\View\View->CodeIgniter\View\{closure}()
 6 SYSTEMPATH\Common.php(1188): CodeIgniter\View\View->render('staticPages/main', [], true)
 7 APPPATH\Controllers\StaticPage.php(27): view('staticPages/main', [...])
 8 SYSTEMPATH\CodeIgniter.php(919): App\Controllers\StaticPage->main()
 9 SYSTEMPATH\CodeIgniter.php(494): CodeIgniter\CodeIgniter->runController(Object(App\Controllers\StaticPage))
10 SYSTEMPATH\CodeIgniter.php(353): CodeIgniter\CodeIgniter->handleRequest(null, Object(Config\Cache), false)
11 FCPATH\index.php(79): CodeIgniter\CodeIgniter->run()
CRITICAL - 2023-09-29 13:12:20 --> Invalid file: "D:\xampp2\htdocs\dev\app\Config/../Views\blog_template.php"
in SYSTEMPATH\Exceptions\FrameworkException.php on line 39.
 1 SYSTEMPATH\View\Parser.php(119): CodeIgniter\Exceptions\FrameworkException::forInvalidFile('D:\\xampp2\\htdocs\\dev\\app\\Config/../Views\\blog_template.php')
 2 APPPATH\Controllers\StaticPage.php(32): CodeIgniter\View\Parser->render('blog_template.php')
 3 SYSTEMPATH\CodeIgniter.php(919): App\Controllers\StaticPage->main()
 4 SYSTEMPATH\CodeIgniter.php(494): CodeIgniter\CodeIgniter->runController(Object(App\Controllers\StaticPage))
 5 SYSTEMPATH\CodeIgniter.php(353): CodeIgniter\CodeIgniter->handleRequest(null, Object(Config\Cache), false)
 6 FCPATH\index.php(79): CodeIgniter\CodeIgniter->run()
CRITICAL - 2023-09-29 13:41:38 --> Class "App\Controllers\config" not found
in APPPATH\Controllers\StaticPage.php on line 15.
 1 SYSTEMPATH\CodeIgniter.php(919): App\Controllers\StaticPage->main()
 2 SYSTEMPATH\CodeIgniter.php(494): CodeIgniter\CodeIgniter->runController(Object(App\Controllers\StaticPage))
 3 SYSTEMPATH\CodeIgniter.php(353): CodeIgniter\CodeIgniter->handleRequest(null, Object(Config\Cache), false)
 4 FCPATH\index.php(79): CodeIgniter\CodeIgniter->run()
CRITICAL - 2023-09-29 13:42:22 --> get_config(): Return value must be of type string, none returned
in APPPATH\Helpers\config_helper.php on line 14.
 1 APPPATH\Controllers\StaticPage.php(15): get_config('111')
 2 SYSTEMPATH\CodeIgniter.php(919): App\Controllers\StaticPage->main()
 3 SYSTEMPATH\CodeIgniter.php(494): CodeIgniter\CodeIgniter->runController(Object(App\Controllers\StaticPage))
 4 SYSTEMPATH\CodeIgniter.php(353): CodeIgniter\CodeIgniter->handleRequest(null, Object(Config\Cache), false)
 5 FCPATH\index.php(79): CodeIgniter\CodeIgniter->run()
CRITICAL - 2023-09-29 14:09:44 --> Cannot call constructor
in APPPATH\Controllers\ParentController.php on line 14.
 1 SYSTEMPATH\CodeIgniter.php(891): App\Controllers\ParentController->__construct()
 2 SYSTEMPATH\CodeIgniter.php(485): CodeIgniter\CodeIgniter->createController()
 3 SYSTEMPATH\CodeIgniter.php(353): CodeIgniter\CodeIgniter->handleRequest(null, Object(Config\Cache), false)
 4 FCPATH\index.php(79): CodeIgniter\CodeIgniter->run()
CRITICAL - 2023-09-29 14:11:10 --> Cannot call constructor
in APPPATH\Controllers\ParentController.php on line 14.
 1 SYSTEMPATH\CodeIgniter.php(891): App\Controllers\ParentController->__construct()
 2 SYSTEMPATH\CodeIgniter.php(485): CodeIgniter\CodeIgniter->createController()
 3 SYSTEMPATH\CodeIgniter.php(353): CodeIgniter\CodeIgniter->handleRequest(null, Object(Config\Cache), false)
 4 FCPATH\index.php(79): CodeIgniter\CodeIgniter->run()
CRITICAL - 2023-09-29 15:53:44 --> CodeIgniter\View\Parser::render(): Argument #2 ($options) must be of type ?array, bool given, called in D:\xampp2\htdocs\dev\app\Controllers\StaticPage.php on line 25
in SYSTEMPATH\View\Parser.php on line 92.
 1 APPPATH\Controllers\StaticPage.php(25): CodeIgniter\View\Parser->render('staticPages/main', true)
 2 SYSTEMPATH\CodeIgniter.php(919): App\Controllers\Staticpage->main()
 3 SYSTEMPATH\CodeIgniter.php(494): CodeIgniter\CodeIgniter->runController(Object(App\Controllers\Staticpage))
 4 SYSTEMPATH\CodeIgniter.php(353): CodeIgniter\CodeIgniter->handleRequest(null, Object(Config\Cache), false)
 5 FCPATH\index.php(79): CodeIgniter\CodeIgniter->run()
CRITICAL - 2023-09-29 15:53:46 --> CodeIgniter\View\Parser::render(): Argument #2 ($options) must be of type ?array, bool given, called in D:\xampp2\htdocs\dev\app\Controllers\StaticPage.php on line 25
in SYSTEMPATH\View\Parser.php on line 92.
 1 APPPATH\Controllers\StaticPage.php(25): CodeIgniter\View\Parser->render('staticPages/main', true)
 2 SYSTEMPATH\CodeIgniter.php(919): App\Controllers\Staticpage->main()
 3 SYSTEMPATH\CodeIgniter.php(494): CodeIgniter\CodeIgniter->runController(Object(App\Controllers\Staticpage))
 4 SYSTEMPATH\CodeIgniter.php(353): CodeIgniter\CodeIgniter->handleRequest(null, Object(Config\Cache), false)
 5 FCPATH\index.php(79): CodeIgniter\CodeIgniter->run()
CRITICAL - 2023-09-29 15:55:06 --> Undefined property: App\Controllers\Staticpage::$load
in APPPATH\Controllers\StaticPage.php on line 25.
 1 APPPATH\Controllers\StaticPage.php(25): CodeIgniter\Debug\Exceptions->errorHandler(2, 'Undefined property: App\\Controllers\\Staticpage::$load', 'D:\\xampp2\\htdocs\\dev\\app\\Controllers\\StaticPage.php', 25)
 2 SYSTEMPATH\CodeIgniter.php(919): App\Controllers\Staticpage->main()
 3 SYSTEMPATH\CodeIgniter.php(494): CodeIgniter\CodeIgniter->runController(Object(App\Controllers\Staticpage))
 4 SYSTEMPATH\CodeIgniter.php(353): CodeIgniter\CodeIgniter->handleRequest(null, Object(Config\Cache), false)
 5 FCPATH\index.php(79): CodeIgniter\CodeIgniter->run()
CRITICAL - 2023-09-29 16:12:33 --> Attempt to read property "title" on null
in APPPATH\Controllers\StaticPage.php on line 20.
 1 APPPATH\Controllers\StaticPage.php(20): CodeIgniter\Debug\Exceptions->errorHandler(2, 'Attempt to read property "title" on null', 'D:\\xampp2\\htdocs\\dev\\app\\Controllers\\StaticPage.php', 20)
 2 SYSTEMPATH\CodeIgniter.php(919): App\Controllers\Staticpage->index('favicon.ico')
 3 SYSTEMPATH\CodeIgniter.php(494): CodeIgniter\CodeIgniter->runController(Object(App\Controllers\Staticpage))
 4 SYSTEMPATH\CodeIgniter.php(353): CodeIgniter\CodeIgniter->handleRequest(null, Object(Config\Cache), false)
 5 FCPATH\index.php(79): CodeIgniter\CodeIgniter->run()
CRITICAL - 2023-09-29 16:16:35 --> Attempt to read property "title" on null
in APPPATH\Controllers\StaticPage.php on line 20.
 1 APPPATH\Controllers\StaticPage.php(20): CodeIgniter\Debug\Exceptions->errorHandler(2, 'Attempt to read property "title" on null', 'D:\\xampp2\\htdocs\\dev\\app\\Controllers\\StaticPage.php', 20)
 2 SYSTEMPATH\CodeIgniter.php(919): App\Controllers\Staticpage->index('favicon.ico')
 3 SYSTEMPATH\CodeIgniter.php(494): CodeIgniter\CodeIgniter->runController(Object(App\Controllers\Staticpage))
 4 SYSTEMPATH\CodeIgniter.php(353): CodeIgniter\CodeIgniter->handleRequest(null, Object(Config\Cache), false)
 5 FCPATH\index.php(79): CodeIgniter\CodeIgniter->run()
CRITICAL - 2023-09-29 16:22:01 --> Attempt to read property "title" on null
in APPPATH\Controllers\StaticPage.php on line 20.
 1 APPPATH\Controllers\StaticPage.php(20): CodeIgniter\Debug\Exceptions->errorHandler(2, 'Attempt to read property "title" on null', 'D:\\xampp2\\htdocs\\dev\\app\\Controllers\\StaticPage.php', 20)
 2 SYSTEMPATH\CodeIgniter.php(919): App\Controllers\Staticpage->index('favicon.ico')
 3 SYSTEMPATH\CodeIgniter.php(494): CodeIgniter\CodeIgniter->runController(Object(App\Controllers\Staticpage))
 4 SYSTEMPATH\CodeIgniter.php(353): CodeIgniter\CodeIgniter->handleRequest(null, Object(Config\Cache), false)
 5 FCPATH\index.php(79): CodeIgniter\CodeIgniter->run()
CRITICAL - 2023-09-29 16:23:43 --> Attempt to read property "title" on null
in APPPATH\Controllers\StaticPage.php on line 20.
 1 APPPATH\Controllers\StaticPage.php(20): CodeIgniter\Debug\Exceptions->errorHandler(2, 'Attempt to read property "title" on null', 'D:\\xampp2\\htdocs\\dev\\app\\Controllers\\StaticPage.php', 20)
 2 SYSTEMPATH\CodeIgniter.php(919): App\Controllers\Staticpage->index('favicon.ico')
 3 SYSTEMPATH\CodeIgniter.php(494): CodeIgniter\CodeIgniter->runController(Object(App\Controllers\Staticpage))
 4 SYSTEMPATH\CodeIgniter.php(353): CodeIgniter\CodeIgniter->handleRequest(null, Object(Config\Cache), false)
 5 FCPATH\index.php(79): CodeIgniter\CodeIgniter->run()
CRITICAL - 2023-09-29 16:23:51 --> Attempt to read property "title" on null
in APPPATH\Controllers\StaticPage.php on line 20.
 1 APPPATH\Controllers\StaticPage.php(20): CodeIgniter\Debug\Exceptions->errorHandler(2, 'Attempt to read property "title" on null', 'D:\\xampp2\\htdocs\\dev\\app\\Controllers\\StaticPage.php', 20)
 2 SYSTEMPATH\CodeIgniter.php(919): App\Controllers\Staticpage->index('favicon.ico')
 3 SYSTEMPATH\CodeIgniter.php(494): CodeIgniter\CodeIgniter->runController(Object(App\Controllers\Staticpage))
 4 SYSTEMPATH\CodeIgniter.php(353): CodeIgniter\CodeIgniter->handleRequest(null, Object(Config\Cache), false)
 5 FCPATH\index.php(79): CodeIgniter\CodeIgniter->run()
CRITICAL - 2023-09-29 16:39:17 --> Attempt to read property "title" on null
in APPPATH\Controllers\StaticPage.php on line 43.
 1 APPPATH\Controllers\StaticPage.php(43): CodeIgniter\Debug\Exceptions->errorHandler(2, 'Attempt to read property "title" on null', 'D:\\xampp2\\htdocs\\dev\\app\\Controllers\\StaticPage.php', 43)
 2 SYSTEMPATH\CodeIgniter.php(919): App\Controllers\Staticpage->index('contacts')
 3 SYSTEMPATH\CodeIgniter.php(494): CodeIgniter\CodeIgniter->runController(Object(App\Controllers\Staticpage))
 4 SYSTEMPATH\CodeIgniter.php(353): CodeIgniter\CodeIgniter->handleRequest(null, Object(Config\Cache), false)
 5 FCPATH\index.php(79): CodeIgniter\CodeIgniter->run()
CRITICAL - 2023-09-29 16:39:25 --> Invalid file: "D:\xampp2\htdocs\dev\app\Config/../Views\staticPages/contact.php"
in SYSTEMPATH\Exceptions\FrameworkException.php on line 39.
 1 SYSTEMPATH\View\Parser.php(119): CodeIgniter\Exceptions\FrameworkException::forInvalidFile('D:\\xampp2\\htdocs\\dev\\app\\Config/../Views\\staticPages/contact.php')
 2 APPPATH\Controllers\StaticPage.php(46): CodeIgniter\View\Parser->render('staticPages/contact.php')
 3 SYSTEMPATH\CodeIgniter.php(919): App\Controllers\Staticpage->index('contact')
 4 SYSTEMPATH\CodeIgniter.php(494): CodeIgniter\CodeIgniter->runController(Object(App\Controllers\Staticpage))
 5 SYSTEMPATH\CodeIgniter.php(353): CodeIgniter\CodeIgniter->handleRequest(null, Object(Config\Cache), false)
 6 FCPATH\index.php(79): CodeIgniter\CodeIgniter->run()
CRITICAL - 2023-09-29 16:39:39 --> Attempt to read property "title" on null
in APPPATH\Controllers\StaticPage.php on line 43.
 1 APPPATH\Controllers\StaticPage.php(43): CodeIgniter\Debug\Exceptions->errorHandler(2, 'Attempt to read property "title" on null', 'D:\\xampp2\\htdocs\\dev\\app\\Controllers\\StaticPage.php', 43)
 2 SYSTEMPATH\CodeIgniter.php(919): App\Controllers\Staticpage->index('contactf')
 3 SYSTEMPATH\CodeIgniter.php(494): CodeIgniter\CodeIgniter->runController(Object(App\Controllers\Staticpage))
 4 SYSTEMPATH\CodeIgniter.php(353): CodeIgniter\CodeIgniter->handleRequest(null, Object(Config\Cache), false)
 5 FCPATH\index.php(79): CodeIgniter\CodeIgniter->run()
CRITICAL - 2023-09-29 16:40:19 --> Attempt to read property "title" on null
in APPPATH\Controllers\StaticPage.php on line 46.
 1 APPPATH\Controllers\StaticPage.php(46): CodeIgniter\Debug\Exceptions->errorHandler(2, 'Attempt to read property "title" on null', 'D:\\xampp2\\htdocs\\dev\\app\\Controllers\\StaticPage.php', 46)
 2 SYSTEMPATH\CodeIgniter.php(919): App\Controllers\Staticpage->index('contactf')
 3 SYSTEMPATH\CodeIgniter.php(494): CodeIgniter\CodeIgniter->runController(Object(App\Controllers\Staticpage))
 4 SYSTEMPATH\CodeIgniter.php(353): CodeIgniter\CodeIgniter->handleRequest(null, Object(Config\Cache), false)
 5 FCPATH\index.php(79): CodeIgniter\CodeIgniter->run()
