CRITICAL - 2023-10-01 08:36:57 --> Call to undefined method App\Controllers\Adminpage::main.html()
in APPPATH\Controllers\AdminPage.php on line 73.
 1 SYSTEMPATH\CodeIgniter.php(919): App\Controllers\Adminpage->index('main.html')
 2 SYSTEMPATH\CodeIgniter.php(494): CodeIgniter\CodeIgniter->runController(Object(App\Controllers\Adminpage))
 3 SYSTEMPATH\CodeIgniter.php(353): CodeIgniter\CodeIgniter->handleRequest(null, Object(Config\Cache), false)
 4 FCPATH\index.php(79): CodeIgniter\CodeIgniter->run()
CRITICAL - 2023-10-01 08:37:03 --> Too few arguments to function App\Controllers\Adminpage::main(), 0 passed in D:\xampp2\htdocs\dev\app\Controllers\AdminPage.php on line 73 and exactly 1 expected
in APPPATH\Controllers\AdminPage.php on line 78.
 1 APPPATH\Controllers\AdminPage.php(73): App\Controllers\Adminpage->main()
 2 SYSTEMPATH\CodeIgniter.php(919): App\Controllers\Adminpage->index('main')
 3 SYSTEMPATH\CodeIgniter.php(494): CodeIgniter\CodeIgniter->runController(Object(App\Controllers\Adminpage))
 4 SYSTEMPATH\CodeIgniter.php(353): CodeIgniter\CodeIgniter->handleRequest(null, Object(Config\Cache), false)
 5 FCPATH\index.php(79): CodeIgniter\CodeIgniter->run()
CRITICAL - 2023-10-01 08:37:25 --> Call to undefined method App\Controllers\Adminpage::about.html()
in APPPATH\Controllers\AdminPage.php on line 73.
 1 SYSTEMPATH\CodeIgniter.php(919): App\Controllers\Adminpage->index('about.html')
 2 SYSTEMPATH\CodeIgniter.php(494): CodeIgniter\CodeIgniter->runController(Object(App\Controllers\Adminpage))
 3 SYSTEMPATH\CodeIgniter.php(353): CodeIgniter\CodeIgniter->handleRequest(null, Object(Config\Cache), false)
 4 FCPATH\index.php(79): CodeIgniter\CodeIgniter->run()
CRITICAL - 2023-10-01 08:38:00 --> Call to undefined method App\Controllers\Adminpage::about.html()
in APPPATH\Controllers\AdminPage.php on line 73.
 1 SYSTEMPATH\CodeIgniter.php(919): App\Controllers\Adminpage->index('about.html')
 2 SYSTEMPATH\CodeIgniter.php(494): CodeIgniter\CodeIgniter->runController(Object(App\Controllers\Adminpage))
 3 SYSTEMPATH\CodeIgniter.php(353): CodeIgniter\CodeIgniter->handleRequest(null, Object(Config\Cache), false)
 4 FCPATH\index.php(79): CodeIgniter\CodeIgniter->run()
CRITICAL - 2023-10-01 08:39:38 --> Call to undefined method App\Controllers\Adminpage::about.html()
in APPPATH\Controllers\AdminPage.php on line 74.
 1 SYSTEMPATH\CodeIgniter.php(919): App\Controllers\Adminpage->index('about.html')
 2 SYSTEMPATH\CodeIgniter.php(494): CodeIgniter\CodeIgniter->runController(Object(App\Controllers\Adminpage))
 3 SYSTEMPATH\CodeIgniter.php(353): CodeIgniter\CodeIgniter->handleRequest(null, Object(Config\Cache), false)
 4 FCPATH\index.php(79): CodeIgniter\CodeIgniter->run()
CRITICAL - 2023-10-01 08:39:39 --> Call to undefined method App\Controllers\Adminpage::about.html()
in APPPATH\Controllers\AdminPage.php on line 74.
 1 SYSTEMPATH\CodeIgniter.php(919): App\Controllers\Adminpage->index('about.html')
 2 SYSTEMPATH\CodeIgniter.php(494): CodeIgniter\CodeIgniter->runController(Object(App\Controllers\Adminpage))
 3 SYSTEMPATH\CodeIgniter.php(353): CodeIgniter\CodeIgniter->handleRequest(null, Object(Config\Cache), false)
 4 FCPATH\index.php(79): CodeIgniter\CodeIgniter->run()
CRITICAL - 2023-10-01 08:43:07 --> Cannot redeclare App\Controllers\Adminpage::main()
in APPPATH\Controllers\AdminPage.php on line 98.
 1 [internal function]: CodeIgniter\Debug\Exceptions->shutdownHandler()
CRITICAL - 2023-10-01 08:43:16 --> Cannot redeclare App\Controllers\Adminpage::main()
in APPPATH\Controllers\AdminPage.php on line 104.
 1 [internal function]: CodeIgniter\Debug\Exceptions->shutdownHandler()
CRITICAL - 2023-10-01 08:43:17 --> Cannot redeclare App\Controllers\Adminpage::main()
in APPPATH\Controllers\AdminPage.php on line 104.
 1 [internal function]: CodeIgniter\Debug\Exceptions->shutdownHandler()
CRITICAL - 2023-10-01 08:43:19 --> Cannot redeclare App\Controllers\Adminpage::main()
in APPPATH\Controllers\AdminPage.php on line 104.
 1 [internal function]: CodeIgniter\Debug\Exceptions->shutdownHandler()
